make all --print-data-base --no-builtin-variables --no-builtin-rules --question
# GNU Make 3.81
# Copyright (C) 2006  Free Software Foundation, Inc.
# This is free software; see the source for copying conditions.
# There is NO warranty; not even for MERCHANTABILITY or FITNESS FOR A
# PARTICULAR PURPOSE.

# This program built for i386-apple-darwin11.3.0
 
make: *** No rule to make target `all'.  Stop.


# Make data base, printed on Thu Jul  7 09:43:12 2022

# Variables

# automatic
<D = $(patsubst %/,%,$(dir $<))
# automatic
?F = $(notdir $?)
 
# environment
VSCODE_LOG_NATIVE = false
# automatic
?D = $(patsubst %/,%,$(dir $?))
# automatic
@D = $(patsubst %/,%,$(dir $@))
# automatic
@F = $(notdir $@)
# makefile
CURDIR := /Users/andrew/Projects/rust-learn-grpc-with-tonic-seaorm
# makefile
SHELL = /bin/sh
# environment
VSCODE_NLS_CONFIG = {"locale":"en-us","availableLanguages":{},"_languagePackSupport":true}
# environment
_ = /usr/bin/make
# environment
GVM_ROOT = /Users/andrew/.gvm
# makefile (from `Makefile', line 1)
MAKEFILE_LIST :=  Makefile
# environment
VSCODE_VERBOSE_LOGGING = true
# environment
__CFBundleIdentifier = com.microsoft.VSCode
# environment
GVM_PATH_BACKUP = /Users/andrew/.gvm/bin:/usr/local/bin:/usr/bin:/bin:/usr/sbin:/sbin:/usr/local/go/bin:/Users/andrew/.cargo/bin
# environment
VSCODE_IPC_HOOK_EXTHOST = /var/folders/dz/bhs564fd0x3gzgvgq0rqw_pm0000gn/T/vscode-ipc-2f387659-84e9-4163-a914-2d72de7381b5.sock
# environment
VSCODE_CWD = /
# environment
PATH = /Users/andrew/.gvm/bin:/usr/local/bin:/usr/bin:/bin:/usr/sbin:/sbin:/usr/local/go/bin:/Users/andrew/.cargo/bin
# makefile (from `Makefile', line 14)
WORKER_NODES = sql-db-worker-node-1 sql-db-worker-node-2 sql-db-worker-node-3
# environment
LSCOLORS = Gxfxcxdxbxegedabagacad
# makefile (from `Makefile', line 13)
MASTER_NODE = sql-db-master-node
# environment
VSCODE_LOG_STACK = false
# environment
ELECTRON_RUN_AS_NODE = 1
# default
.FEATURES := target-specific order-only second-expansion else-if archives jobserver check-symlink
# environment
SSH_AUTH_SOCK = /private/tmp/com.apple.launchd.lSIS1QT1VA/Listeners
# automatic
%F = $(notdir $%)
# environment
VSCODE_PIPE_LOGGING = true
# environment
PWD = /Users/andrew/Projects/rust-learn-grpc-with-tonic-seaorm
# environment
ORIGINAL_XDG_CURRENT_DESKTOP = undefined
# environment
VSCODE_AMD_ENTRYPOINT = vs/workbench/api/node/extensionHostProcess
# environment
HOME = /Users/andrew
# default
MAKEFILEPATH = $(shell /usr/bin/xcode-select -print-path 2>/dev/null || echo /Developer)/Makefiles
# environment
VSCODE_CODE_CACHE_PATH = /Users/andrew/Library/Application Support/Code/CachedData/30d9c6cd9483b2cc586687151bcbcd635f373630
# environment
LOGNAME = andrew
# environment
APPLICATION_INSIGHTS_NO_DIAGNOSTIC_CHANNEL = 1
# environment
ZSH = /Users/andrew/.oh-my-zsh
# makefile (from `Makefile', line 98)
clean_node = 	docker kill $(1) && docker rm $(1)
# environment
VSCODE_HANDLES_UNCAUGHT_ERRORS = true
# automatic
^D = $(patsubst %/,%,$(dir $^))
# environment
GVM_VERSION = 1.0.22
# environment
XPC_FLAGS = 0x0
# default
MAKE = $(MAKE_COMMAND)
# default
MAKECMDGOALS := all
# environment
SHLVL = 1
# default
MAKE_VERSION := 3.81
# environment
USER = andrew
# makefile
.DEFAULT_GOAL := db-env-setup
# environment
LESS = -R
# automatic
%D = $(patsubst %/,%,$(dir $%))
# makefile (from `Makefile', line 12)
DB_NETWORK = sql
# default
MAKE_COMMAND := /Library/Developer/CommandLineTools/usr/bin/make
# default
.VARIABLES := 
# environment
TMPDIR = /var/folders/dz/bhs564fd0x3gzgvgq0rqw_pm0000gn/T/
# automatic
*F = $(notdir $*)
# environment
VSCODE_IPC_HOOK = /Users/andrew/Library/Application Support/Code/1.68.1-main.sock
# makefile
MAKEFLAGS = Rrqp
# environment
MFLAGS = -Rrqp
# automatic
*D = $(patsubst %/,%,$(dir $*))
# environment
XPC_SERVICE_NAME = application.com.microsoft.VSCode.1049977.1049983
# automatic
+D = $(patsubst %/,%,$(dir $+))
# automatic
+F = $(notdir $+)
# environment
__CF_USER_TEXT_ENCODING = 0x1F5:0x0:0x0
# environment
COMMAND_MODE = unix2003
# default
MAKEFILES := 
# automatic
<F = $(notdir $<)
 
# makefile (from `Makefile', line 11)
DB_USER = services
# environment
PAGER = less
# environment
LC_ALL = C
# automatic
^F = $(notdir $^)
# makefile (from `Makefile', line 10)
DB_NAME = users
# default
SUFFIXES := 
# default
.INCLUDE_DIRS = /usr/local/include
# environment
MAKELEVEL := 0
# environment
LANG = C
# environment
VSCODE_PID = 37847
# makefile (from `Makefile', line 70)
start_worker_nodes = 	docker run -d --name=$(1) --hostname=$(1) --network=$(DB_NETWORK) -v "$(PWD)/deployments/sql/data/$(1):/cockroach/cockroach-data" db start --insecure --join=$(MASTER_NODE)
# variable set hash-table stats:
# Load=76/1024=7%, Rehash=0, Collisions=6/104=6%

# Pattern-specific Variable Values

# No pattern-specific variable values.

# Directories

# . (device 16777221, inode 1056901): 17 files, no impossibilities.

# 17 files, no impossibilities in 1 directories.

# Implicit Rules

# No implicit rules.

# Files

db-env-setup:
#  Phony target (prerequisite of .PHONY).
#  Implicit rule search has not been done.
#  File does not exist.
#  File has not been updated.
#  commands to execute (from `Makefile', line 25):
	echo "DATABASE_URL=postgres://$(DB_USER)@localhost:26257/users" > .env && \
	echo "# For documentation on how to configure this file, \n# see diesel.rs/guides/configuring-diesel-cli \n\n[print_schema] \nfile = \"./src/dao/schema.rs\"" > diesel.toml
	

db-clean-master-node:
#  Implicit rule search has not been done.
#  Modification time never checked.
#  File has not been updated.
#  commands to execute (from `Makefile', line 93):
	docker stop $(MASTER_NODE)
	docker rm $(MASTER_NODE)
	

db-data-clean:
#  Phony target (prerequisite of .PHONY).
#  Implicit rule search has not been done.
#  File does not exist.
#  File has not been updated.
#  commands to execute (from `Makefile', line 106):
	sudo rm -rf $(PWD)/deployments/sql/data
	

db-terminate: db-clean-master-node db-stop-network db-data-clean
#  Implicit rule search has not been done.
#  Modification time never checked.
#  File has not been updated.

# Not a target:
all:
#  Command-line target.
#  Implicit rule search has been done.
#  File does not exist.
#  File has not been updated.
# variable set hash-table stats:
# Load=0/32=0%, Rehash=0, Collisions=0/0=0%

db-local-terminate:
#  Phony target (prerequisite of .PHONY).
#  Implicit rule search has not been done.
#  File does not exist.
#  File has not been updated.

.PHONY: db db-image start-db exec-db migrate-db clean-db db-env-setup db-env-setup db-run db-local-terminate db-image db-start-network db-start-master db-start-worker-nodes db-data-clean
#  Implicit rule search has not been done.
#  Modification time never checked.
#  File has not been updated.

db-run: db-image db-start-network db-start-master db-init db-migrate
#  Phony target (prerequisite of .PHONY).
#  Implicit rule search has not been done.
#  File does not exist.
#  File has not been updated.

# Not a target:
.SUFFIXES:
#  Implicit rule search has not been done.
#  Modification time never checked.
#  File has not been updated.

# Not a target:
Makefile:
#  Implicit rule search has been done.
#  Last modified 2022-07-02 21:14:32
#  File has been updated.
#  Successfully updated.
# variable set hash-table stats:
# Load=0/32=0%, Rehash=0, Collisions=0/0=0%

start-db:
#  Phony target (prerequisite of .PHONY).
#  Implicit rule search has not been done.
#  File does not exist.
#  File has not been updated.

db-start-worker-nodes:
#  Phony target (prerequisite of .PHONY).
#  Implicit rule search has not been done.
#  File does not exist.
#  File has not been updated.
#  commands to execute (from `Makefile', line 68):
	$(foreach n, $(WORKER_NODES), $(call start_worker_nodes,$(n)))
	

wait:
#  Implicit rule search has not been done.
#  Modification time never checked.
#  File has not been updated.
#  commands to execute (from `Makefile', line 115):
	sleep 15
	

db-image:
#  Phony target (prerequisite of .PHONY).
#  Implicit rule search has not been done.
#  File does not exist.
#  File has not been updated.
#  commands to execute (from `Makefile', line 48):
	cd ./deployments/sql && docker build -t db .
	

migrate-db:
#  Phony target (prerequisite of .PHONY).
 
#  Implicit rule search has not been done.
#  File does not exist.
#  File has not been updated.

# Not a target:
.DEFAULT:
#  Implicit rule search has not been done.
#  Modification time never checked.
#  File has not been updated.

db-init:
#  Implicit rule search has not been done.
#  Modification time never checked.
#  File has not been updated.
#  commands to execute (from `Makefile', line 82):
	docker exec -it $(MASTER_NODE) ./cockroach sql --insecure \
	--execute "CREATE USER IF NOT EXISTS $(DB_USER);" \
	--execute "CREATE DATABASE $(DB_NAME);" \
	--execute "GRANT ALL ON DATABASE $(DB_NAME) TO $(DB_USER);"
	

db-stop-network:
#  Implicit rule search has not been done.
#  Modification time never checked.
#  File has not been updated.
#  commands to execute (from `Makefile', line 103):
	docker network rm $(DB_NETWORK)
	

clean-db:
#  Phony target (prerequisite of .PHONY).
#  Implicit rule search has not been done.
#  File does not exist.
#  File has not been updated.

db-start-master:
#  Phony target (prerequisite of .PHONY).
#  Implicit rule search has not been done.
#  File does not exist.
#  File has not been updated.
#  commands to execute (from `Makefile', line 58):
	docker run -d \
	--name=$(MASTER_NODE) \
	--hostname=$(MASTER_NODE) \
	--network=$(DB_NETWORK) \
	-p 26257:26257 -p 9000:8080 \
	-v "$(PWD)/deployments/sql/data/$(MASTER_NODE):/cockroach/cockroach-data" \
	db start --insecure
	sleep 10
	

db-shell:
#  Implicit rule search has not been done.
#  Modification time never checked.
#  File has not been updated.
#  commands to execute (from `Makefile', line 112):
	docker exec -it $(MASTER_NODE) ./cockroach sql --insecure
	

db-clean-worker-nodes:
#  Implicit rule search has not been done.
#  Modification time never checked.
#  File has not been updated.

db-migrate:
#  Implicit rule search has not been done.
#  Modification time never checked.
#  File has not been updated.
#  commands to execute (from `Makefile', line 89):
	sea-orm-cli migrate up
	

db:
#  Phony target (prerequisite of .PHONY).
#  Implicit rule search has not been done.
#  File does not exist.
#  File has not been updated.

exec-db:
#  Phony target (prerequisite of .PHONY).
#  Implicit rule search has not been done.
#  File does not exist.
#  File has not been updated.

db-start-network:
#  Phony target (prerequisite of .PHONY).
#  Implicit rule search has not been done.
#  File does not exist.
#  File has not been updated.
#  commands to execute (from `Makefile', line 54):
	docker network create -d bridge $(DB_NETWORK)
	

# files hash-table stats:
# Load=26/1024=3%, Rehash=0, Collisions=2/64=3%
# VPATH Search Paths

# No `vpath' search paths.

# No general (`VPATH' variable) search path.

# # of strings in strcache: 1
# # of strcache buffers: 1
# strcache size: total = 4096 / max = 4096 / min = 4096 / avg = 4096
# strcache free: total = 4087 / max = 4087 / min = 4087 / avg = 4087

# Finished Make data base on Thu Jul  7 09:43:12 2022

 
